<?xml version="1.0" encoding="UTF-8"?>
<!-- Generated by org.testng.reporters.JUnitReportReporter -->
<testsuite hostname="ASTIN-270" name="RunManager.HybridExecuteTest" tests="1" failures="0" timestamp="12 Jun 2020 06:59:30 GMT" time="325.524" errors="0">
  <testcase name="runManager" time="325.524" classname="RunManager.HybridExecuteTest"/>
</testsuite> <!-- RunManager.HybridExecuteTest -->
